* (marss-riscv): Switching to full-system simulation mode at pc = 0x0000002aaaaaa66e
* (marss-riscv): Performance Summary:
	* user-mode-commits: 15020218505
	* user-mode-cycles: 17501533434
	* user-mode-ipc: 0.8582
	* supervisor-mode-commits: 4691529
	* supervisor-mode-cycles: 9766106
	* supervisor-mode-ipc: 0.4804
	* hypervisor-mode-commits: 0
	* hypervisor-mode-cycles: 0
	* hypervisor-mode-ipc: -nan
	* machine-mode-commits: 1403255
	* machine-mode-cycles: 2345596
	* machine-mode-ipc: 0.5983
	* total-commits: 15026313289
	* total-cycles: 17513645136
	* total-ipc: 0.8580
	* simulation-time: 2775027 milliseconds
	* total-commits-per-millisecond: 5414
* (marss-riscv): Saved simulation stats in ./sim_Sat_Jul_11_11_12_35_2026_.csv
* (marss-riscv): Switching to emulation mode mode at pc = 0x0000002aaaaaa66a

2K validation run parameters for coremark.
CoreMark Size    : 666
Total ticks      : 12777
Total time (secs): 12.777000
Iterations/Sec   : 2347.969007
Iterations       : 30000
Compiler version : GCC8.3.0
Compiler flags   : -O2 -DPERFORMANCE_RUN=1  -lrt
Memory location  : Please put data memory location here
			(e.g. code in flash, data on heap etc)
seedcrc          : 0x18f2
[0]crclist       : 0xe3c1
[0]crcmatrix     : 0x0747
[0]crcstate      : 0x8d84
[0]crcfinal      : 0xff48
Correct operation validated. See README.md for run and reporting rules.