* (marss-riscv): Switching to full-system simulation mode at pc = 0x0000002aaaaaa66e
* (marss-riscv): Performance Summary:
	* user-mode-commits: 15001664638
	* user-mode-cycles: 19448991097
	* user-mode-ipc: 0.7713
	* supervisor-mode-commits: 7389324
	* supervisor-mode-cycles: 13541376
	* supervisor-mode-ipc: 0.5457
	* hypervisor-mode-commits: 0
	* hypervisor-mode-cycles: 0
	* hypervisor-mode-ipc: -nan
	* machine-mode-commits: 1565620
	* machine-mode-cycles: 2320962
	* machine-mode-ipc: 0.6746
	* total-commits: 15010619582
	* total-cycles: 19464853435
	* total-ipc: 0.7712
	* simulation-time: 2558192 milliseconds
	* total-commits-per-millisecond: 5867
* (marss-riscv): Saved simulation stats in ./sim_Sat_Jul_11_17_16_39_2026_.csv
* (marss-riscv): Switching to emulation mode mode at pc = 0x0000002aaaaaa66a

2K performance run parameters for coremark.
CoreMark Size    : 666
Total ticks      : 14201
Total time (secs): 14.201000
Iterations/Sec   : 2112.527287
Iterations       : 30000
Compiler version : GCC8.3.0
Compiler flags   : -O2 -DPERFORMANCE_RUN=1  -lrt
Memory location  : Please put data memory location here
			(e.g. code in flash, data on heap etc)
seedcrc          : 0xe9f5
[0]crclist       : 0xe714
[0]crcmatrix     : 0x1fd7
[0]crcstate      : 0x8e3a
[0]crcfinal      : 0x5275
Correct operation validated. See README.md for run and reporting rules.
CoreMark 1.0 : 2112.527287 / GCC8.3.0 -O2 -DPERFORMANCE_RUN=1  -lrt / Heap
