* (marss-riscv): Switching to full-system simulation mode at pc = 0x0000002aaaaaa66e
* (marss-riscv): Performance Summary:
	* user-mode-commits: 15564493450
	* user-mode-cycles: 19885133555
	* user-mode-ipc: 0.7827
	* supervisor-mode-commits: 5127005
	* supervisor-mode-cycles: 10194363
	* supervisor-mode-ipc: 0.5029
	* hypervisor-mode-commits: 0
	* hypervisor-mode-cycles: 0
	* hypervisor-mode-ipc: -nan
	* machine-mode-commits: 1593774
	* machine-mode-cycles: 2362034
	* machine-mode-ipc: 0.6747
	* total-commits: 15571214229
	* total-cycles: 19897689952
	* total-ipc: 0.7826
	* simulation-time: 2556862 milliseconds
	* total-commits-per-millisecond: 6089
* (marss-riscv): Saved simulation stats in ./sim_Sat_Jul_11_19_26_01_2026_.csv
* (marss-riscv): Switching to emulation mode mode at pc = 0x0000002aaaaaa66a

CoreMark Size    : 666
Total ticks      : 15568
Total time (secs): 15.568000
Iterations/Sec   : 2569.373073
Iterations       : 40000
Compiler version : GCC8.3.0
Compiler flags   : -O2 -DPERFORMANCE_RUN=1  -lrt
Memory location  : Please put data memory location here
			(e.g. code in flash, data on heap etc)
seedcrc          : 0xefe9
[0]crclist       : 0x46c6
[0]crcmatrix     : 0x0fe9
[0]crcstate      : 0x657b
[0]crcfinal      : 0x61b1
Cannot validate operation for these seed values, please compare with results on a known platform.
