* (marss-riscv): Switching to full-system simulation mode at pc = 0x0000002aaaaaa66e
* (marss-riscv): Performance Summary:
	* user-mode-commits: 15020219035
	* user-mode-cycles: 19488363351
	* user-mode-ipc: 0.7707
	* supervisor-mode-commits: 5049092
	* supervisor-mode-cycles: 10120665
	* supervisor-mode-ipc: 0.4989
	* hypervisor-mode-commits: 0
	* hypervisor-mode-cycles: 0
	* hypervisor-mode-ipc: -nan
	* machine-mode-commits: 1562526
	* machine-mode-cycles: 2316323
	* machine-mode-ipc: 0.6746
	* total-commits: 15026830653
	* total-cycles: 19500800339
	* total-ipc: 0.7706
	* simulation-time: 2503802 milliseconds
	* total-commits-per-millisecond: 6001
* (marss-riscv): Saved simulation stats in ./sim_Sat_Jul_11_18_23_28_2026_.csv
* (marss-riscv): Switching to emulation mode mode at pc = 0x0000002aaaaaa66a

2K validation run parameters for coremark.
CoreMark Size    : 666
Total ticks      : 14226
Total time (secs): 14.226000
Iterations/Sec   : 2108.814846
Iterations       : 30000
Compiler version : GCC8.3.0
Compiler flags   : -O2 -DPERFORMANCE_RUN=1  -lrt
Memory location  : Please put data memory location here
			(e.g. code in flash, data on heap etc)
seedcrc          : 0x18f2
[0]crclist       : 0xe3c1
[0]crcmatrix     : 0x0747
[0]crcstate      : 0x8d84
[0]crcfinal      : 0xff48
Correct operation validated. See README.md for run and reporting rules.
